<?xml version="1.0" encoding="UTF-8"?>
<testsuite xmlns:xsi="http://www.w3.org/2001/XMLSchema-instance" xsi:noNamespaceSchemaLocation="https://maven.apache.org/surefire/maven-surefire-plugin/xsd/surefire-test-report.xsd" name="org.spring.springboot.ArithJunitTest.CalculatorTest" time="0.065" tests="7" errors="0" skipped="0" failures="1">
  <properties>
    <property name="sun.desktop" value="windows"/>
    <property name="awt.toolkit" value="sun.awt.windows.WToolkit"/>
    <property name="file.encoding.pkg" value="sun.io"/>
    <property name="java.specification.version" value="1.8"/>
    <property name="sun.cpu.isalist" value="amd64"/>
    <property name="sun.jnu.encoding" value="GBK"/>
    <property name="java.class.path" value="E:\Github\springboot-freemarker\target\test-classes;E:\Github\springboot-freemarker\target\classes;D:\mljr\.m2\repository\org\springframework\boot\spring-boot-starter-freemarker\1.5.1.RELEASE\spring-boot-starter-freemarker-1.5.1.RELEASE.jar;D:\mljr\.m2\repository\org\springframework\boot\spring-boot-starter\1.5.1.RELEASE\spring-boot-starter-1.5.1.RELEASE.jar;D:\mljr\.m2\repository\org\springframework\boot\spring-boot\1.5.1.RELEASE\spring-boot-1.5.1.RELEASE.jar;D:\mljr\.m2\repository\org\springframework\boot\spring-boot-autoconfigure\1.5.1.RELEASE\spring-boot-autoconfigure-1.5.1.RELEASE.jar;D:\mljr\.m2\repository\org\springframework\boot\spring-boot-starter-logging\1.5.1.RELEASE\spring-boot-starter-logging-1.5.1.RELEASE.jar;D:\mljr\.m2\repository\ch\qos\logback\logback-classic\1.1.9\logback-classic-1.1.9.jar;D:\mljr\.m2\repository\ch\qos\logback\logback-core\1.1.9\logback-core-1.1.9.jar;D:\mljr\.m2\repository\org\slf4j\jcl-over-slf4j\1.7.22\jcl-over-slf4j-1.7.22.jar;D:\mljr\.m2\repository\org\slf4j\jul-to-slf4j\1.7.22\jul-to-slf4j-1.7.22.jar;D:\mljr\.m2\repository\org\slf4j\log4j-over-slf4j\1.7.22\log4j-over-slf4j-1.7.22.jar;D:\mljr\.m2\repository\org\yaml\snakeyaml\1.17\snakeyaml-1.17.jar;D:\mljr\.m2\repository\org\freemarker\freemarker\2.3.25-incubating\freemarker-2.3.25-incubating.jar;D:\mljr\.m2\repository\org\springframework\spring-context-support\4.3.6.RELEASE\spring-context-support-4.3.6.RELEASE.jar;D:\mljr\.m2\repository\org\springframework\spring-beans\4.3.6.RELEASE\spring-beans-4.3.6.RELEASE.jar;D:\mljr\.m2\repository\org\springframework\spring-context\4.3.6.RELEASE\spring-context-4.3.6.RELEASE.jar;D:\mljr\.m2\repository\org\springframework\boot\spring-boot-starter-web\1.5.1.RELEASE\spring-boot-starter-web-1.5.1.RELEASE.jar;D:\mljr\.m2\repository\org\springframework\boot\spring-boot-starter-tomcat\1.5.1.RELEASE\spring-boot-starter-tomcat-1.5.1.RELEASE.jar;D:\mljr\.m2\repository\org\apache\tomcat\embed\tomcat-embed-core\8.5.11\tomcat-embed-core-8.5.11.jar;D:\mljr\.m2\repository\org\apache\tomcat\embed\tomcat-embed-el\8.5.11\tomcat-embed-el-8.5.11.jar;D:\mljr\.m2\repository\org\apache\tomcat\embed\tomcat-embed-websocket\8.5.11\tomcat-embed-websocket-8.5.11.jar;D:\mljr\.m2\repository\org\hibernate\hibernate-validator\5.3.4.Final\hibernate-validator-5.3.4.Final.jar;D:\mljr\.m2\repository\javax\validation\validation-api\1.1.0.Final\validation-api-1.1.0.Final.jar;D:\mljr\.m2\repository\org\jboss\logging\jboss-logging\3.3.0.Final\jboss-logging-3.3.0.Final.jar;D:\mljr\.m2\repository\com\fasterxml\classmate\1.3.3\classmate-1.3.3.jar;D:\mljr\.m2\repository\com\fasterxml\jackson\core\jackson-databind\2.8.6\jackson-databind-2.8.6.jar;D:\mljr\.m2\repository\com\fasterxml\jackson\core\jackson-annotations\2.8.0\jackson-annotations-2.8.0.jar;D:\mljr\.m2\repository\com\fasterxml\jackson\core\jackson-core\2.8.6\jackson-core-2.8.6.jar;D:\mljr\.m2\repository\org\springframework\spring-web\4.3.6.RELEASE\spring-web-4.3.6.RELEASE.jar;D:\mljr\.m2\repository\org\springframework\spring-aop\4.3.6.RELEASE\spring-aop-4.3.6.RELEASE.jar;D:\mljr\.m2\repository\org\springframework\spring-webmvc\4.3.6.RELEASE\spring-webmvc-4.3.6.RELEASE.jar;D:\mljr\.m2\repository\org\springframework\spring-expression\4.3.6.RELEASE\spring-expression-4.3.6.RELEASE.jar;D:\mljr\.m2\repository\org\springframework\boot\spring-boot-starter-test\1.5.1.RELEASE\spring-boot-starter-test-1.5.1.RELEASE.jar;D:\mljr\.m2\repository\org\springframework\boot\spring-boot-test\1.5.1.RELEASE\spring-boot-test-1.5.1.RELEASE.jar;D:\mljr\.m2\repository\org\springframework\boot\spring-boot-test-autoconfigure\1.5.1.RELEASE\spring-boot-test-autoconfigure-1.5.1.RELEASE.jar;D:\mljr\.m2\repository\com\jayway\jsonpath\json-path\2.2.0\json-path-2.2.0.jar;D:\mljr\.m2\repository\net\minidev\json-smart\2.2.1\json-smart-2.2.1.jar;D:\mljr\.m2\repository\net\minidev\accessors-smart\1.1\accessors-smart-1.1.jar;D:\mljr\.m2\repository\org\ow2\asm\asm\5.0.3\asm-5.0.3.jar;D:\mljr\.m2\repository\org\slf4j\slf4j-api\1.7.22\slf4j-api-1.7.22.jar;D:\mljr\.m2\repository\org\assertj\assertj-core\2.6.0\assertj-core-2.6.0.jar;D:\mljr\.m2\repository\org\mockito\mockito-core\1.10.19\mockito-core-1.10.19.jar;D:\mljr\.m2\repository\org\objenesis\objenesis\2.1\objenesis-2.1.jar;D:\mljr\.m2\repository\org\hamcrest\hamcrest-core\1.3\hamcrest-core-1.3.jar;D:\mljr\.m2\repository\org\hamcrest\hamcrest-library\1.3\hamcrest-library-1.3.jar;D:\mljr\.m2\repository\org\skyscreamer\jsonassert\1.4.0\jsonassert-1.4.0.jar;D:\mljr\.m2\repository\com\vaadin\external\google\android-json\0.0.20131108.vaadin1\android-json-0.0.20131108.vaadin1.jar;D:\mljr\.m2\repository\org\springframework\spring-core\4.3.6.RELEASE\spring-core-4.3.6.RELEASE.jar;D:\mljr\.m2\repository\org\springframework\spring-test\4.3.6.RELEASE\spring-test-4.3.6.RELEASE.jar;D:\mljr\.m2\repository\org\mybatis\spring\boot\mybatis-spring-boot-starter\1.2.0\mybatis-spring-boot-starter-1.2.0.jar;D:\mljr\.m2\repository\org\springframework\boot\spring-boot-starter-jdbc\1.5.1.RELEASE\spring-boot-starter-jdbc-1.5.1.RELEASE.jar;D:\mljr\.m2\repository\org\apache\tomcat\tomcat-jdbc\8.5.11\tomcat-jdbc-8.5.11.jar;D:\mljr\.m2\repository\org\apache\tomcat\tomcat-juli\8.5.11\tomcat-juli-8.5.11.jar;D:\mljr\.m2\repository\org\springframework\spring-jdbc\4.3.6.RELEASE\spring-jdbc-4.3.6.RELEASE.jar;D:\mljr\.m2\repository\org\springframework\spring-tx\4.3.6.RELEASE\spring-tx-4.3.6.RELEASE.jar;D:\mljr\.m2\repository\org\mybatis\spring\boot\mybatis-spring-boot-autoconfigure\1.2.0\mybatis-spring-boot-autoconfigure-1.2.0.jar;D:\mljr\.m2\repository\org\mybatis\mybatis\3.4.2\mybatis-3.4.2.jar;D:\mljr\.m2\repository\org\mybatis\mybatis-spring\1.3.1\mybatis-spring-1.3.1.jar;D:\mljr\.m2\repository\mysql\mysql-connector-java\5.1.39\mysql-connector-java-5.1.39.jar;D:\mljr\.m2\repository\junit\junit\4.12\junit-4.12.jar;"/>
    <property name="java.vm.vendor" value="Oracle Corporation"/>
    <property name="sun.arch.data.model" value="64"/>
    <property name="user.variant" value=""/>
    <property name="java.vendor.url" value="http://java.oracle.com/"/>
    <property name="user.timezone" value="Asia/Shanghai"/>
    <property name="java.vm.specification.version" value="1.8"/>
    <property name="os.name" value="Windows 10"/>
    <property name="user.country" value="CN"/>
    <property name="sun.java.launcher" value="SUN_STANDARD"/>
    <property name="sun.boot.library.path" value="C:\mljr\Java\jdk1.8.0_144\jre\bin"/>
    <property name="sun.java.command" value="C:\Users\Rich\AppData\Local\Temp\surefire7743789071413431117\surefirebooter2722320058463478903.jar C:\Users\Rich\AppData\Local\Temp\surefire7743789071413431117 2019-03-25T17-01-27_985-jvmRun1 surefire264388210842197263tmp surefire_0974279772663215712tmp"/>
    <property name="surefire.test.class.path" value="E:\Github\springboot-freemarker\target\test-classes;E:\Github\springboot-freemarker\target\classes;D:\mljr\.m2\repository\org\springframework\boot\spring-boot-starter-freemarker\1.5.1.RELEASE\spring-boot-starter-freemarker-1.5.1.RELEASE.jar;D:\mljr\.m2\repository\org\springframework\boot\spring-boot-starter\1.5.1.RELEASE\spring-boot-starter-1.5.1.RELEASE.jar;D:\mljr\.m2\repository\org\springframework\boot\spring-boot\1.5.1.RELEASE\spring-boot-1.5.1.RELEASE.jar;D:\mljr\.m2\repository\org\springframework\boot\spring-boot-autoconfigure\1.5.1.RELEASE\spring-boot-autoconfigure-1.5.1.RELEASE.jar;D:\mljr\.m2\repository\org\springframework\boot\spring-boot-starter-logging\1.5.1.RELEASE\spring-boot-starter-logging-1.5.1.RELEASE.jar;D:\mljr\.m2\repository\ch\qos\logback\logback-classic\1.1.9\logback-classic-1.1.9.jar;D:\mljr\.m2\repository\ch\qos\logback\logback-core\1.1.9\logback-core-1.1.9.jar;D:\mljr\.m2\repository\org\slf4j\jcl-over-slf4j\1.7.22\jcl-over-slf4j-1.7.22.jar;D:\mljr\.m2\repository\org\slf4j\jul-to-slf4j\1.7.22\jul-to-slf4j-1.7.22.jar;D:\mljr\.m2\repository\org\slf4j\log4j-over-slf4j\1.7.22\log4j-over-slf4j-1.7.22.jar;D:\mljr\.m2\repository\org\yaml\snakeyaml\1.17\snakeyaml-1.17.jar;D:\mljr\.m2\repository\org\freemarker\freemarker\2.3.25-incubating\freemarker-2.3.25-incubating.jar;D:\mljr\.m2\repository\org\springframework\spring-context-support\4.3.6.RELEASE\spring-context-support-4.3.6.RELEASE.jar;D:\mljr\.m2\repository\org\springframework\spring-beans\4.3.6.RELEASE\spring-beans-4.3.6.RELEASE.jar;D:\mljr\.m2\repository\org\springframework\spring-context\4.3.6.RELEASE\spring-context-4.3.6.RELEASE.jar;D:\mljr\.m2\repository\org\springframework\boot\spring-boot-starter-web\1.5.1.RELEASE\spring-boot-starter-web-1.5.1.RELEASE.jar;D:\mljr\.m2\repository\org\springframework\boot\spring-boot-starter-tomcat\1.5.1.RELEASE\spring-boot-starter-tomcat-1.5.1.RELEASE.jar;D:\mljr\.m2\repository\org\apache\tomcat\embed\tomcat-embed-core\8.5.11\tomcat-embed-core-8.5.11.jar;D:\mljr\.m2\repository\org\apache\tomcat\embed\tomcat-embed-el\8.5.11\tomcat-embed-el-8.5.11.jar;D:\mljr\.m2\repository\org\apache\tomcat\embed\tomcat-embed-websocket\8.5.11\tomcat-embed-websocket-8.5.11.jar;D:\mljr\.m2\repository\org\hibernate\hibernate-validator\5.3.4.Final\hibernate-validator-5.3.4.Final.jar;D:\mljr\.m2\repository\javax\validation\validation-api\1.1.0.Final\validation-api-1.1.0.Final.jar;D:\mljr\.m2\repository\org\jboss\logging\jboss-logging\3.3.0.Final\jboss-logging-3.3.0.Final.jar;D:\mljr\.m2\repository\com\fasterxml\classmate\1.3.3\classmate-1.3.3.jar;D:\mljr\.m2\repository\com\fasterxml\jackson\core\jackson-databind\2.8.6\jackson-databind-2.8.6.jar;D:\mljr\.m2\repository\com\fasterxml\jackson\core\jackson-annotations\2.8.0\jackson-annotations-2.8.0.jar;D:\mljr\.m2\repository\com\fasterxml\jackson\core\jackson-core\2.8.6\jackson-core-2.8.6.jar;D:\mljr\.m2\repository\org\springframework\spring-web\4.3.6.RELEASE\spring-web-4.3.6.RELEASE.jar;D:\mljr\.m2\repository\org\springframework\spring-aop\4.3.6.RELEASE\spring-aop-4.3.6.RELEASE.jar;D:\mljr\.m2\repository\org\springframework\spring-webmvc\4.3.6.RELEASE\spring-webmvc-4.3.6.RELEASE.jar;D:\mljr\.m2\repository\org\springframework\spring-expression\4.3.6.RELEASE\spring-expression-4.3.6.RELEASE.jar;D:\mljr\.m2\repository\org\springframework\boot\spring-boot-starter-test\1.5.1.RELEASE\spring-boot-starter-test-1.5.1.RELEASE.jar;D:\mljr\.m2\repository\org\springframework\boot\spring-boot-test\1.5.1.RELEASE\spring-boot-test-1.5.1.RELEASE.jar;D:\mljr\.m2\repository\org\springframework\boot\spring-boot-test-autoconfigure\1.5.1.RELEASE\spring-boot-test-autoconfigure-1.5.1.RELEASE.jar;D:\mljr\.m2\repository\com\jayway\jsonpath\json-path\2.2.0\json-path-2.2.0.jar;D:\mljr\.m2\repository\net\minidev\json-smart\2.2.1\json-smart-2.2.1.jar;D:\mljr\.m2\repository\net\minidev\accessors-smart\1.1\accessors-smart-1.1.jar;D:\mljr\.m2\repository\org\ow2\asm\asm\5.0.3\asm-5.0.3.jar;D:\mljr\.m2\repository\org\slf4j\slf4j-api\1.7.22\slf4j-api-1.7.22.jar;D:\mljr\.m2\repository\org\assertj\assertj-core\2.6.0\assertj-core-2.6.0.jar;D:\mljr\.m2\repository\org\mockito\mockito-core\1.10.19\mockito-core-1.10.19.jar;D:\mljr\.m2\repository\org\objenesis\objenesis\2.1\objenesis-2.1.jar;D:\mljr\.m2\repository\org\hamcrest\hamcrest-core\1.3\hamcrest-core-1.3.jar;D:\mljr\.m2\repository\org\hamcrest\hamcrest-library\1.3\hamcrest-library-1.3.jar;D:\mljr\.m2\repository\org\skyscreamer\jsonassert\1.4.0\jsonassert-1.4.0.jar;D:\mljr\.m2\repository\com\vaadin\external\google\android-json\0.0.20131108.vaadin1\android-json-0.0.20131108.vaadin1.jar;D:\mljr\.m2\repository\org\springframework\spring-core\4.3.6.RELEASE\spring-core-4.3.6.RELEASE.jar;D:\mljr\.m2\repository\org\springframework\spring-test\4.3.6.RELEASE\spring-test-4.3.6.RELEASE.jar;D:\mljr\.m2\repository\org\mybatis\spring\boot\mybatis-spring-boot-starter\1.2.0\mybatis-spring-boot-starter-1.2.0.jar;D:\mljr\.m2\repository\org\springframework\boot\spring-boot-starter-jdbc\1.5.1.RELEASE\spring-boot-starter-jdbc-1.5.1.RELEASE.jar;D:\mljr\.m2\repository\org\apache\tomcat\tomcat-jdbc\8.5.11\tomcat-jdbc-8.5.11.jar;D:\mljr\.m2\repository\org\apache\tomcat\tomcat-juli\8.5.11\tomcat-juli-8.5.11.jar;D:\mljr\.m2\repository\org\springframework\spring-jdbc\4.3.6.RELEASE\spring-jdbc-4.3.6.RELEASE.jar;D:\mljr\.m2\repository\org\springframework\spring-tx\4.3.6.RELEASE\spring-tx-4.3.6.RELEASE.jar;D:\mljr\.m2\repository\org\mybatis\spring\boot\mybatis-spring-boot-autoconfigure\1.2.0\mybatis-spring-boot-autoconfigure-1.2.0.jar;D:\mljr\.m2\repository\org\mybatis\mybatis\3.4.2\mybatis-3.4.2.jar;D:\mljr\.m2\repository\org\mybatis\mybatis-spring\1.3.1\mybatis-spring-1.3.1.jar;D:\mljr\.m2\repository\mysql\mysql-connector-java\5.1.39\mysql-connector-java-5.1.39.jar;D:\mljr\.m2\repository\junit\junit\4.12\junit-4.12.jar;"/>
    <property name="sun.cpu.endian" value="little"/>
    <property name="user.home" value="C:\Users\Rich"/>
    <property name="user.language" value="zh"/>
    <property name="java.specification.vendor" value="Oracle Corporation"/>
    <property name="java.home" value="C:\mljr\Java\jdk1.8.0_144\jre"/>
    <property name="basedir" value="E:\Github\springboot-freemarker"/>
    <property name="file.separator" value="\"/>
    <property name="line.separator" value="&#10;"/>
    <property name="java.vm.specification.vendor" value="Oracle Corporation"/>
    <property name="java.specification.name" value="Java Platform API Specification"/>
    <property name="java.awt.graphicsenv" value="sun.awt.Win32GraphicsEnvironment"/>
    <property name="surefire.real.class.path" value="C:\Users\Rich\AppData\Local\Temp\surefire7743789071413431117\surefirebooter2722320058463478903.jar"/>
    <property name="sun.boot.class.path" value="C:\mljr\Java\jdk1.8.0_144\jre\lib\resources.jar;C:\mljr\Java\jdk1.8.0_144\jre\lib\rt.jar;C:\mljr\Java\jdk1.8.0_144\jre\lib\sunrsasign.jar;C:\mljr\Java\jdk1.8.0_144\jre\lib\jsse.jar;C:\mljr\Java\jdk1.8.0_144\jre\lib\jce.jar;C:\mljr\Java\jdk1.8.0_144\jre\lib\charsets.jar;C:\mljr\Java\jdk1.8.0_144\jre\lib\jfr.jar;C:\mljr\Java\jdk1.8.0_144\jre\classes"/>
    <property name="user.script" value=""/>
    <property name="sun.management.compiler" value="HotSpot 64-Bit Tiered Compilers"/>
    <property name="java.runtime.version" value="1.8.0_144-b01"/>
    <property name="user.name" value="Rich"/>
    <property name="path.separator" value=";"/>
    <property name="os.version" value="10.0"/>
    <property name="java.endorsed.dirs" value="C:\mljr\Java\jdk1.8.0_144\jre\lib\endorsed"/>
    <property name="java.runtime.name" value="Java(TM) SE Runtime Environment"/>
    <property name="file.encoding" value="GBK"/>
    <property name="java.vm.name" value="Java HotSpot(TM) 64-Bit Server VM"/>
    <property name="skipTests" value="true"/>
    <property name="localRepository" value="D:\mljr\.m2\repository"/>
    <property name="java.vendor.url.bug" value="http://bugreport.sun.com/bugreport/"/>
    <property name="java.io.tmpdir" value="C:\Users\Rich\AppData\Local\Temp\"/>
    <property name="java.version" value="1.8.0_144"/>
    <property name="user.dir" value="E:\Github\springboot-freemarker"/>
    <property name="os.arch" value="amd64"/>
    <property name="java.vm.specification.name" value="Java Virtual Machine Specification"/>
    <property name="java.awt.printerjob" value="sun.awt.windows.WPrinterJob"/>
    <property name="sun.os.patch.level" value=""/>
    <property name="java.library.path" value="C:\mljr\Java\jdk1.8.0_144\jre\bin;C:\WINDOWS\Sun\Java\bin;C:\WINDOWS\system32;C:\WINDOWS;C:\WINDOWS\system32;C:\WINDOWS;C:\WINDOWS\System32\Wbem;C:\WINDOWS\System32\WindowsPowerShell\v1.0\;C:\mljr\Java\jdk1.8.0_144\bin;C:\mljr\Java\jdk1.8.0_144\jre\bin;C:\mljr\apache-maven-3.5.0\bin;C:\mljr\Git\cmd;C:\Users\Rich\AppData\Local\Programs\Python\Python37;;C:\WINDOWS\System32\OpenSSH\;C:\Users\Rich\AppData\Local\Programs\Python\Python37\Scripts\;C:\Users\Rich\AppData\Local\Programs\Python\Python37\;C:\Users\Rich\AppData\Local\Microsoft\WindowsApps;;D:\Program Files\Fiddler;C:\Program Files\JetBrains\IntelliJ IDEA 2018.3.5\bin;;."/>
    <property name="java.vm.info" value="mixed mode"/>
    <property name="java.vendor" value="Oracle Corporation"/>
    <property name="java.vm.version" value="25.144-b01"/>
    <property name="java.ext.dirs" value="C:\mljr\Java\jdk1.8.0_144\jre\lib\ext;C:\WINDOWS\Sun\Java\lib\ext"/>
    <property name="sun.io.unicode.encoding" value="UnicodeLittle"/>
    <property name="java.class.version" value="52.0"/>
  </properties>
  <testcase name="testAdd" classname="org.spring.springboot.ArithJunitTest.CalculatorTest" time="0.003"/>
  <testcase name="testDiv" classname="org.spring.springboot.ArithJunitTest.CalculatorTest" time="0"/>
  <testcase name="testMul" classname="org.spring.springboot.ArithJunitTest.CalculatorTest" time="0"/>
  <testcase name="testSub" classname="org.spring.springboot.ArithJunitTest.CalculatorTest" time="0"/>
  <testcase name="testDiv2" classname="org.spring.springboot.ArithJunitTest.CalculatorTest" time="0.004">
    <failure message="出错了！实际结果与预期不符！ expected:&lt;2&gt; but was:&lt;1&gt;" type="java.lang.AssertionError"><![CDATA[java.lang.AssertionError: 出错了！实际结果与预期不符！ expected:<2> but was:<1>
	at org.spring.springboot.ArithJunitTest.CalculatorTest.testDiv2(CalculatorTest.java:76)
]]></failure>
  </testcase>
  <testcase name="testLoop" classname="org.spring.springboot.ArithJunitTest.CalculatorTest" time="0"/>
  <testcase name="testUnCompleted" classname="org.spring.springboot.ArithJunitTest.CalculatorTest" time="0"/>
</testsuite>